[16:47:29] [main/INFO] (FabricLoader) Loading for game Minecraft 1.17
[16:47:29] [main/INFO] (Fabric|Loader) [FabricLoader] Loading 48 mods:
	- entitytesting@1.0.0
	- fabric@0.35.2+1.17
	- fabric-api-base@0.3.0+a02b44633d
	- fabric-api-lookup-api-v1@1.1.0+1d383bb63d
	- fabric-biome-api-v1@3.1.11+c345aea83d
	- fabric-blockrenderlayer-v1@1.1.5+a02b44633d
	- fabric-command-api-v1@1.1.1+a02b44633d
	- fabric-commands-v0@0.2.2+92519afa3d
	- fabric-containers-v0@0.1.12+a02b44633d
	- fabric-content-registries-v0@0.2.2+a02b44633d
	- fabric-crash-report-info-v1@0.1.5+be9da3103d
	- fabric-dimensions-v1@2.0.10+a02b44633d
	- fabric-entity-events-v1@1.1.0+a02b44633d
	- fabric-events-interaction-v0@0.4.8+a02b44633d
	- fabric-events-lifecycle-v0@0.2.1+92519afa3d
	- fabric-game-rule-api-v1@1.0.6+a02b44633d
	- fabric-item-api-v1@1.2.4+a02b44633d
	- fabric-item-groups-v0@0.2.10+b7ab61213d
	- fabric-key-binding-api-v1@1.0.4+a02b44633d
	- fabric-keybindings-v0@0.2.2+36b77c3e3d
	- fabric-lifecycle-events-v1@1.4.4+a02b44633d
	- fabric-loot-tables-v1@1.0.4+a02b44633d
	- fabric-mining-levels-v0@0.1.3+92519afa3d
	- fabric-models-v0@0.3.0+a02b44633d
	- fabric-networking-api-v1@1.0.11+b7ab61213d
	- fabric-networking-blockentity-v0@0.2.11+a02b44633d
	- fabric-networking-v0@0.3.2+92519afa3d
	- fabric-object-builder-api-v1@1.10.9+b7ab61213d
	- fabric-object-builders-v0@0.7.3+a02b44633d
	- fabric-particles-v1@0.2.4+a02b44633d
	- fabric-registry-sync-v0@0.7.10+e2961fee3d
	- fabric-renderer-api-v1@0.4.3+676f40fa3d
	- fabric-renderer-indigo@0.4.8+a02b44633d
	- fabric-renderer-registries-v1@3.2.0+a02b44633d
	- fabric-rendering-data-attachment-v1@0.1.5+a02b44633d
	- fabric-rendering-fluids-v1@0.1.13+a02b44633d
	- fabric-rendering-v0@1.1.2+92519afa3d
	- fabric-rendering-v1@1.6.0+a02b44633d
	- fabric-resource-loader-v0@0.4.7+b7ab61213d
	- fabric-screen-api-v1@1.0.4+155f865c3d
	- fabric-screen-handler-api-v1@1.1.8+a02b44633d
	- fabric-structure-api-v1@1.1.11+e36969833d
	- fabric-tag-extensions-v0@1.1.4+a02b44633d
	- fabric-textures-v0@1.0.6+a02b44633d
	- fabric-tool-attribute-api-v1@1.2.12+b7ab61213d
	- fabricloader@0.11.6
	- java@16
	- minecraft@1.17
[16:47:29] [main/INFO] (mixin) SpongePowered MIXIN Subsystem Version=0.8.2 Source=file:/C:/Users/Aaron/.gradle/caches/modules-2/files-2.1/net.fabricmc/sponge-mixin/0.9.4+mixin.0.8.2/ef410951e94c7f4939cc74c86f8df371827818a4/sponge-mixin-0.9.4+mixin.0.8.2.jar Service=Knot/Fabric Env=CLIENT
[16:47:30] [main/INFO] (Fabric|MixinBootstrap) Loaded Fabric development mappings for mixin remapper!
[16:47:30] [main/INFO] (mixin) Compatibility level set to JAVA_16
[16:47:30] [main/WARN] (mixin) @Mixin target net/minecraft/server/world/ServerWorld$ServerEntityHandler is public in fabric-lifecycle-events-v1.mixins.json:ServerWorldEntityLoaderMixin and should be specified in value
[16:47:30] [main/WARN] (mixin) @Mixin target net/minecraft/client/world/ClientWorld$ClientEntityHandler is public in fabric-lifecycle-events-v1.mixins.json:client.ClientWorldEntityLoaderMixin and should be specified in value
[16:47:30] [main/WARN] (mixin) @Mixin target net/minecraft/client/render/block/BlockModelRenderer$AmbientOcclusionCalculator is public in fabric-renderer-indigo.mixins.json:MixinAmbientOcclusionCalculator and should be specified in value
[16:47:30] [main/WARN] (mixin) @Mixin target net/minecraft/client/render/chunk/ChunkBuilder$BuiltChunk$RebuildTask is public in fabric-renderer-indigo.mixins.json:MixinChunkRebuildTask and should be specified in value
[16:47:30] [main/WARN] (mixin) @Mixin target net/minecraft/server/network/ServerPlayNetworkHandler$1 is public in fabric-events-interaction-v0.mixins.json:MixinServerPlayNetworkHandler and should be specified in value
[16:47:30] [main/WARN] (mixin) @Mixin target net/minecraft/village/TradeOffers$TypeAwareBuyForOneEmeraldFactory is public in fabric-object-builder-v1.mixins.json:TypeAwareTradeMixin and should be specified in value
[16:47:30] [main/WARN] (mixin) @Mixin target net/minecraft/client/font/FontManager$1 is public in fabric-resource-loader-v0.mixins.json:client.FontManagerResourceReloadListenerMixin and should be specified in value
[16:47:30] [main/WARN] (mixin) @Mixin target net/minecraft/server/command/GameRuleCommand$1 is public in fabric-game-rule-api-v1.mixins.json:GameRuleCommandVisitorMixin and should be specified in value
[16:47:30] [main/WARN] (mixin) @Mixin target net/minecraft/client/gui/screen/world/EditGameRulesScreen$RuleListWidget$1 is public in fabric-game-rule-api-v1.mixins.json:client.RuleListWidgetVisitorMixin and should be specified in value
[16:47:30] [main/WARN] (mixin) @Mixin target net/minecraft/server/world/ThreadedAnvilChunkStorage$EntityTracker is public in fabric-networking-api-v1.mixins.json:accessor.EntityTrackerAccessor and should be specified in value
[16:47:31] [main/WARN] (mixin) @Mixin target net/minecraft/client/particle/ParticleManager$SimpleSpriteProvider is public in fabric-particles-v1.mixins.json:ParticleManagerAccessor$SimpleSpriteProviderAccessor and should be specified in value
[16:47:31] [main/WARN] (mixin) @Mixin target net/minecraft/data/server/AbstractTagProvider$ObjectBuilder is public in fabric-tag-extensions-v0.mixins.json:MixinObjectBuilder and should be specified in value
[16:47:31] [main/WARN] (mixin) @Mixin target net/minecraft/tag/RequiredTagList$TagWrapper is public in fabric-tag-extensions-v0.mixins.json:MixinTagImpl and should be specified in value
[16:47:32] [main/WARN] (FileUtil) Configuration conflict: there is more than one oshi.properties file on the classpath
[16:47:32] [main/WARN] (FileUtil) Configuration conflict: there is more than one oshi.architecture.properties file on the classpath
[16:47:41] [Render thread/INFO] (Minecraft) Environment: authHost='https://authserver.mojang.com', accountsHost='https://api.mojang.com', sessionHost='https://sessionserver.mojang.com', servicesHost='https://api.minecraftservices.com', name='PROD'
[16:47:42] [Render thread/ERROR] (Minecraft) Failed to verify authentication
com.mojang.authlib.exceptions.InvalidCredentialsException: Status: 401
	at com.mojang.authlib.exceptions.MinecraftClientHttpException.toAuthenticationException(MinecraftClientHttpException.java:56) ~[authlib-2.3.31.jar:?]
	at com.mojang.authlib.yggdrasil.YggdrasilSocialInteractionsService.checkPrivileges(YggdrasilSocialInteractionsService.java:112) ~[authlib-2.3.31.jar:?]
	at com.mojang.authlib.yggdrasil.YggdrasilSocialInteractionsService.<init>(YggdrasilSocialInteractionsService.java:42) ~[authlib-2.3.31.jar:?]
	at com.mojang.authlib.yggdrasil.YggdrasilAuthenticationService.createSocialInteractionsService(YggdrasilAuthenticationService.java:151) ~[authlib-2.3.31.jar:?]
	at net.minecraft.client.MinecraftClient.createSocialInteractionsService(MinecraftClient.java:672) [minecraft-1.17-mapped-net.fabricmc.yarn-1.17+build.12-v2.jar:?]
	at net.minecraft.client.MinecraftClient.<init>(MinecraftClient.java:431) [minecraft-1.17-mapped-net.fabricmc.yarn-1.17+build.12-v2.jar:?]
	at net.minecraft.client.main.Main.main(Main.java:179) [minecraft-1.17-mapped-net.fabricmc.yarn-1.17+build.12-v2.jar:?]
	at jdk.internal.reflect.NativeMethodAccessorImpl.invoke0(Native Method) ~[?:?]
	at jdk.internal.reflect.NativeMethodAccessorImpl.invoke(NativeMethodAccessorImpl.java:78) ~[?:?]
	at jdk.internal.reflect.DelegatingMethodAccessorImpl.invoke(DelegatingMethodAccessorImpl.java:43) ~[?:?]
	at java.lang.reflect.Method.invoke(Method.java:567) ~[?:?]
	at net.fabricmc.loader.game.MinecraftGameProvider.launch(MinecraftGameProvider.java:234) [fabric-loader-0.11.6.jar:?]
	at net.fabricmc.loader.launch.knot.Knot.launch(Knot.java:153) [fabric-loader-0.11.6.jar:?]
	at net.fabricmc.loader.launch.knot.KnotClient.main(KnotClient.java:28) [fabric-loader-0.11.6.jar:?]
	at net.fabricmc.devlaunchinjector.Main.main(Main.java:86) [dev-launch-injector-0.2.1+build.8.jar:?]
Caused by: com.mojang.authlib.exceptions.MinecraftClientHttpException: Status: 401
	at com.mojang.authlib.minecraft.client.MinecraftClient.readInputStream(MinecraftClient.java:77) ~[authlib-2.3.31.jar:?]
	at com.mojang.authlib.minecraft.client.MinecraftClient.get(MinecraftClient.java:47) ~[authlib-2.3.31.jar:?]
	at com.mojang.authlib.yggdrasil.YggdrasilSocialInteractionsService.checkPrivileges(YggdrasilSocialInteractionsService.java:104) ~[authlib-2.3.31.jar:?]
	... 13 more
[16:47:42] [Render thread/INFO] (Minecraft) Setting user: Player414
[16:47:43] [Render thread/WARN] (mixin) @Inject(@At("INVOKE")) Shift.BY=3 on fabric-lifecycle-events-v1.mixins.json:client.WorldChunkMixin::handler$zzn000$onLoadBlockEntity exceeds the maximum allowed value: 0. Increase the value of maxShiftBy to suppress this warning.
[16:47:43] [Render thread/INFO] (Indigo) [Indigo] Registering Indigo renderer!
[16:47:44] [Render thread/INFO] (Minecraft) Backend library: LWJGL version 3.2.2 build 10
[16:47:48] [Render thread/INFO] (Minecraft) Narrator library for x64 successfully loaded
[16:47:48] [Realms Notification Availability checker #1/INFO] (Minecraft) Could not authorize you against Realms server: Invalid session id
[16:47:49] [Render thread/INFO] (Minecraft) Reloading ResourceManager: Default, Fabric Mods (Fabric Networking Block Entity (v0), Fabric Screen Handler API (v1), Fabric Renderer API (v1), Fabric Key Bindings (v0), Fabric Command API (v1), Fabric Loader, Fabric Screen API (v1), Fabric Tool Attribute API (v1), Fabric Renderer - Indigo, Fabric Structure API (v1), Fabric Containers (v0), Fabric Object Builder API (v1), Fabric Dimensions API (v1), Fabric Events Interaction (v0), Fabric Crash Report Info (v1), Fabric Item API (v1), Fabric Game Rule API (v1), Fabric Entity Events (v1), Fabric API Base, Fabric Rendering (v0), Fabric Rendering (v1), Fabric Key Binding API (v1), Fabric Rendering Data Attachment (v1), Fabric Resource Loader (v0), Entity Testing, Fabric Textures (v0), Fabric Content Registries (v0), Fabric Tag Extensions (v0), Fabric Biome API (v1), Fabric Rendering Fluids (v1), Fabric Registry Sync (v0), Fabric Commands (v0), Fabric BlockRenderLayer Registration (v1), Fabric Lifecycle Events (v1), Fabric Mining Levels (v0), Fabric Renderer Registries (v1), Fabric Networking API (v1), Fabric Events Lifecycle (v0), Fabric Loot Tables (v1), Fabric API, Fabric Models (v0), Fabric Item Groups (v0), Fabric Particles (v1), Fabric Object Builders (v0), Fabric Networking (v0), Fabric API Lookup API (v1))
[16:48:03] [Render thread/INFO] (Minecraft) OpenAL initialized.
[16:48:03] [Render thread/INFO] (Minecraft) Sound engine started
[16:48:03] [Render thread/INFO] (Minecraft) Created: 1024x1024x4 minecraft:textures/atlas/blocks.png-atlas
[16:48:03] [Render thread/INFO] (Minecraft) Created: 256x128x4 minecraft:textures/atlas/signs.png-atlas
[16:48:03] [Render thread/INFO] (Minecraft) Created: 1024x512x4 minecraft:textures/atlas/banner_patterns.png-atlas
[16:48:03] [Render thread/INFO] (Minecraft) Created: 1024x512x4 minecraft:textures/atlas/shield_patterns.png-atlas
[16:48:03] [Render thread/INFO] (Minecraft) Created: 256x256x4 minecraft:textures/atlas/chest.png-atlas
[16:48:03] [Render thread/INFO] (Minecraft) Created: 512x256x4 minecraft:textures/atlas/beds.png-atlas
[16:48:03] [Render thread/INFO] (Minecraft) Created: 512x256x4 minecraft:textures/atlas/shulker_boxes.png-atlas
[16:48:08] [Render thread/INFO] (Minecraft) Created: 256x256x0 minecraft:textures/atlas/particles.png-atlas
[16:48:08] [Render thread/INFO] (Minecraft) Created: 256x256x0 minecraft:textures/atlas/paintings.png-atlas
[16:48:08] [Render thread/INFO] (Minecraft) Created: 256x128x0 minecraft:textures/atlas/mob_effects.png-atlas
[16:48:14] [Render thread/INFO] (BiomeModificationImpl) Applied 0 biome modifications to 0 of 81 new biomes in 2.369 ms
[16:48:21] [Render thread/WARN] (Minecraft) Ambiguity between arguments [teleport, location] and [teleport, destination] with inputs: [0.1 -0.5 .9, 0 0 0]
[16:48:21] [Render thread/WARN] (Minecraft) Ambiguity between arguments [teleport, location] and [teleport, targets] with inputs: [0.1 -0.5 .9, 0 0 0]
[16:48:21] [Render thread/WARN] (Minecraft) Ambiguity between arguments [teleport, destination] and [teleport, targets] with inputs: [Player, 0123, @e, dd12be42-52a9-4a91-a8a1-11c01849e498]
[16:48:21] [Render thread/WARN] (Minecraft) Ambiguity between arguments [teleport, targets] and [teleport, destination] with inputs: [Player, 0123, dd12be42-52a9-4a91-a8a1-11c01849e498]
[16:48:21] [Render thread/WARN] (Minecraft) Ambiguity between arguments [teleport, targets, location] and [teleport, targets, destination] with inputs: [0.1 -0.5 .9, 0 0 0]
[16:48:21] [Render thread/INFO] (Minecraft) Reloading ResourceManager: Default, Fabric Mods (Fabric Tool Attribute API (v1))
[16:48:24] [Render thread/INFO] (Minecraft) Loaded 7 recipes
[16:48:24] [Render thread/INFO] (Minecraft) Loaded 1137 advancements
[16:48:26] [Render thread/INFO] (Minecraft) Environment: authHost='https://authserver.mojang.com', accountsHost='https://api.mojang.com', sessionHost='https://sessionserver.mojang.com', servicesHost='https://api.minecraftservices.com', name='PROD'
[16:48:26] [Server thread/INFO] (Minecraft) Starting integrated minecraft server version 1.17
[16:48:26] [Server thread/INFO] (Minecraft) Generating keypair
[16:48:36] [Server thread/INFO] (Minecraft) Preparing start region for dimension minecraft:overworld
[16:48:37] [Render thread/INFO] (Minecraft) Preparing spawn area: 0%
[16:48:37] [Render thread/INFO] (Minecraft) Preparing spawn area: 0%
[16:48:37] [Render thread/INFO] (Minecraft) Preparing spawn area: 0%
[16:48:38] [Render thread/INFO] (Minecraft) Preparing spawn area: 0%
[16:48:38] [Render thread/INFO] (Minecraft) Preparing spawn area: 0%
[16:48:39] [Render thread/INFO] (Minecraft) Preparing spawn area: 0%
[16:48:39] [Render thread/INFO] (Minecraft) Preparing spawn area: 0%
[16:48:40] [Render thread/INFO] (Minecraft) Preparing spawn area: 1%
[16:48:40] [Render thread/INFO] (Minecraft) Preparing spawn area: 1%
[16:48:41] [Render thread/INFO] (Minecraft) Preparing spawn area: 3%
[16:48:41] [Render thread/INFO] (Minecraft) Preparing spawn area: 3%
[16:48:42] [Render thread/INFO] (Minecraft) Preparing spawn area: 6%
[16:48:42] [Render thread/INFO] (Minecraft) Preparing spawn area: 6%
[16:48:43] [Render thread/INFO] (Minecraft) Preparing spawn area: 6%
[16:48:43] [Render thread/INFO] (Minecraft) Preparing spawn area: 12%
[16:48:44] [Render thread/INFO] (Minecraft) Preparing spawn area: 12%
[16:48:44] [Render thread/INFO] (Minecraft) Preparing spawn area: 12%
[16:48:45] [Render thread/INFO] (Minecraft) Preparing spawn area: 12%
[16:48:45] [Render thread/INFO] (Minecraft) Preparing spawn area: 24%
[16:48:46] [Render thread/INFO] (Minecraft) Preparing spawn area: 24%
[16:48:46] [Render thread/INFO] (Minecraft) Preparing spawn area: 24%
[16:48:47] [Render thread/INFO] (Minecraft) Preparing spawn area: 31%
[16:48:47] [Render thread/INFO] (Minecraft) Preparing spawn area: 33%
[16:48:48] [Render thread/INFO] (Minecraft) Preparing spawn area: 33%
[16:48:48] [Render thread/INFO] (Minecraft) Preparing spawn area: 33%
[16:48:49] [Render thread/INFO] (Minecraft) Preparing spawn area: 33%
[16:48:49] [Render thread/INFO] (Minecraft) Preparing spawn area: 33%
[16:48:50] [Render thread/INFO] (Minecraft) Preparing spawn area: 33%
[16:48:50] [Render thread/INFO] (Minecraft) Preparing spawn area: 33%
[16:48:51] [Render thread/INFO] (Minecraft) Preparing spawn area: 33%
[16:48:51] [Render thread/INFO] (Minecraft) Preparing spawn area: 43%
[16:48:54] [Render thread/INFO] (Minecraft) Preparing spawn area: 55%
[16:48:54] [Render thread/INFO] (Minecraft) Preparing spawn area: 55%
[16:48:54] [Render thread/INFO] (Minecraft) Preparing spawn area: 55%
[16:48:54] [Render thread/INFO] (Minecraft) Preparing spawn area: 55%
[16:48:54] [Render thread/INFO] (Minecraft) Preparing spawn area: 55%
[16:48:56] [Render thread/INFO] (Minecraft) Preparing spawn area: 82%
[16:48:56] [Render thread/INFO] (Minecraft) Preparing spawn area: 82%
[16:48:56] [Render thread/INFO] (Minecraft) Preparing spawn area: 82%
[16:48:56] [Render thread/INFO] (Minecraft) Preparing spawn area: 82%
[16:48:57] [Render thread/INFO] (Minecraft) Preparing spawn area: 94%
[16:48:57] [Render thread/INFO] (Minecraft) Time elapsed: 20334 ms
[16:48:57] [Server thread/INFO] (Minecraft) Changing view distance to 11, from 10
[16:48:59] [Server thread/INFO] (Minecraft) Player414[local:E:37508a57] logged in with entity id 29 at (134.5, 69.0, -247.5)
[16:48:59] [Server thread/INFO] (Minecraft) Player414 joined the game
[16:48:59] [Server thread/WARN] (Minecraft) Can't keep up! Is the server overloaded? Running 2210ms or 44 ticks behind
[16:48:59] [Netty Local Client IO #0/INFO] (BiomeModificationImpl) Applied 0 biome modifications to 0 of 81 new biomes in 250.8 μs
[16:49:00] [Server thread/INFO] (Minecraft) Saving and pausing game...
[16:49:00] [Server thread/INFO] (Minecraft) Saving chunks for level 'ServerLevel[test]'/minecraft:overworld
[16:49:00] [Render thread/INFO] (Minecraft) Loaded 0 advancements
[16:49:03] [Server thread/INFO] (Minecraft) Saving chunks for level 'ServerLevel[test]'/minecraft:the_nether
[16:49:03] [Server thread/INFO] (Minecraft) Saving chunks for level 'ServerLevel[test]'/minecraft:the_end
[16:49:31] [Server thread/INFO] (Minecraft) [Player414: Summoned new entity.entitytesting.cube]
[16:49:31] [Render thread/INFO] (Minecraft) [CHAT] Summoned new entity.entitytesting.cube
[16:49:40] [Server thread/INFO] (Minecraft) Saving and pausing game...
[16:49:40] [Server thread/INFO] (Minecraft) Saving chunks for level 'ServerLevel[test]'/minecraft:overworld
[16:49:40] [Server thread/INFO] (Minecraft) Saving chunks for level 'ServerLevel[test]'/minecraft:the_nether
[16:49:40] [Server thread/INFO] (Minecraft) Saving chunks for level 'ServerLevel[test]'/minecraft:the_end
[16:49:41] [Server thread/INFO] (Minecraft) Player414 lost connection: Disconnected
[16:49:41] [Server thread/INFO] (Minecraft) Player414 left the game
[16:49:41] [Server thread/INFO] (Minecraft) Stopping singleplayer server as player logged out
[16:49:41] [Server thread/INFO] (Minecraft) Stopping server
[16:49:41] [Server thread/INFO] (Minecraft) Saving players
[16:49:41] [Server thread/INFO] (Minecraft) Saving worlds
[16:49:41] [Server thread/INFO] (Minecraft) Saving chunks for level 'ServerLevel[test]'/minecraft:overworld
[16:49:41] [Server thread/INFO] (Minecraft) ThreadedAnvilChunkStorage (test): All chunks are saved
[16:49:41] [Server thread/INFO] (Minecraft) Saving chunks for level 'ServerLevel[test]'/minecraft:the_nether
[16:49:41] [Server thread/INFO] (Minecraft) ThreadedAnvilChunkStorage (DIM-1): All chunks are saved
[16:49:41] [Server thread/INFO] (Minecraft) Saving chunks for level 'ServerLevel[test]'/minecraft:the_end
[16:49:41] [Server thread/INFO] (Minecraft) ThreadedAnvilChunkStorage (DIM1): All chunks are saved
[16:49:41] [Server thread/INFO] (Minecraft) ThreadedAnvilChunkStorage (test): All chunks are saved
[16:49:41] [Server thread/INFO] (Minecraft) ThreadedAnvilChunkStorage (DIM-1): All chunks are saved
[16:49:41] [Server thread/INFO] (Minecraft) ThreadedAnvilChunkStorage (DIM1): All chunks are saved
[16:49:42] [Render thread/INFO] (Minecraft) Stopping!
